2025-04-21 15:49:10,305 INFO o.a.j.u.JMeterUtils: Setting Locale to en_EN
2025-04-21 15:49:10,324 INFO o.a.j.JMeter: Loading user properties from: user.properties
2025-04-21 15:49:10,324 INFO o.a.j.JMeter: Loading system properties from: system.properties
2025-04-21 15:49:10,330 INFO o.a.j.JMeter: Copyright (c) 1998-2024 The Apache Software Foundation
2025-04-21 15:49:10,330 INFO o.a.j.JMeter: Version 5.6.3
2025-04-21 15:49:10,330 INFO o.a.j.JMeter: java.version=11.0.14
2025-04-21 15:49:10,330 INFO o.a.j.JMeter: java.vm.name=Java HotSpot(TM) 64-Bit Server VM
2025-04-21 15:49:10,331 INFO o.a.j.JMeter: os.name=Windows 10
2025-04-21 15:49:10,331 INFO o.a.j.JMeter: os.arch=amd64
2025-04-21 15:49:10,331 INFO o.a.j.JMeter: os.version=10.0
2025-04-21 15:49:10,331 INFO o.a.j.JMeter: file.encoding=Cp1252
2025-04-21 15:49:10,331 INFO o.a.j.JMeter: java.awt.headless=null
2025-04-21 15:49:10,331 INFO o.a.j.JMeter: Max memory     =1073741824
2025-04-21 15:49:10,331 INFO o.a.j.JMeter: Available Processors =12
2025-04-21 15:49:10,346 INFO o.a.j.JMeter: Default Locale=English (EN)
2025-04-21 15:49:10,346 INFO o.a.j.JMeter: JMeter  Locale=English (EN)
2025-04-21 15:49:10,347 INFO o.a.j.JMeter: JMeterHome=D:\SENG 533\TeaStore-SENG-533-Final-Project\apache-jmeter-5.6.3
2025-04-21 15:49:10,347 INFO o.a.j.JMeter: user.dir  =D:\SENG 533\TeaStore-SENG-533-Final-Project\apache-jmeter-5.6.3\bin
2025-04-21 15:49:10,347 INFO o.a.j.JMeter: PWD       =D:\SENG 533\TeaStore-SENG-533-Final-Project\apache-jmeter-5.6.3\bin
2025-04-21 15:49:10,348 INFO o.a.j.JMeter: IP: 192.168.1.87 Name: DESKTOP-SMJEBBQ FullName: DESKTOP-SMJEBBQ
2025-04-21 15:49:10,362 INFO o.a.j.JMeter: Loaded icon properties from org/apache/jmeter/images/icon.properties
2025-04-21 15:49:10,565 INFO o.a.j.JMeterGuiLauncher: Setting LAF to: com.github.weisj.darklaf.DarkLaf:com.github.weisj.darklaf.theme.DarculaTheme
2025-04-21 15:49:11,650 INFO o.a.j.r.ClassFinder: Will scan jar D:\SENG 533\TeaStore-SENG-533-Final-Project\apache-jmeter-5.6.3\lib\ext\jmeter-plugins-manager-1.10.jar with filter ExtendsClassFilter [parents=[interface org.apache.jmeter.gui.action.Command], inner=false, contains=null, notContains=null]. Consider exposing JMeter plugins via META-INF/services, and add JMeter-Skip-Class-Scanning=true manifest attribute so JMeter can skip classfile scanning
2025-04-21 15:49:11,728 INFO o.a.j.r.ClassFinder: Will scan jar D:\SENG 533\TeaStore-SENG-533-Final-Project\apache-jmeter-5.6.3\lib\ext\json-lib-2.4-jdk15.jar with filter ExtendsClassFilter [parents=[interface org.apache.jmeter.gui.action.Command], inner=false, contains=null, notContains=null]. Consider exposing JMeter plugins via META-INF/services, and add JMeter-Skip-Class-Scanning=true manifest attribute so JMeter can skip classfile scanning
2025-04-21 15:49:11,728 INFO o.a.j.r.ClassFinder: Will scan jar D:\SENG 533\TeaStore-SENG-533-Final-Project\apache-jmeter-5.6.3\lib\ext\jmeter-plugins-cmn-jmeter-0.7.jar with filter ExtendsClassFilter [parents=[interface org.apache.jmeter.gui.action.Command], inner=false, contains=null, notContains=null]. Consider exposing JMeter plugins via META-INF/services, and add JMeter-Skip-Class-Scanning=true manifest attribute so JMeter can skip classfile scanning
2025-04-21 15:49:11,749 INFO o.a.j.r.ClassFinder: Will scan jar D:\SENG 533\TeaStore-SENG-533-Final-Project\apache-jmeter-5.6.3\lib\ext\cmdrunner-2.3.jar with filter ExtendsClassFilter [parents=[interface org.apache.jmeter.gui.action.Command], inner=false, contains=null, notContains=null]. Consider exposing JMeter plugins via META-INF/services, and add JMeter-Skip-Class-Scanning=true manifest attribute so JMeter can skip classfile scanning
2025-04-21 15:49:11,750 INFO o.a.j.r.ClassFinder: Will scan jar D:\SENG 533\TeaStore-SENG-533-Final-Project\apache-jmeter-5.6.3\lib\ext\jmeter-plugins-casutg-3.0.jar with filter ExtendsClassFilter [parents=[interface org.apache.jmeter.gui.action.Command], inner=false, contains=null, notContains=null]. Consider exposing JMeter plugins via META-INF/services, and add JMeter-Skip-Class-Scanning=true manifest attribute so JMeter can skip classfile scanning
2025-04-21 15:49:11,762 INFO o.a.j.r.ClassFinder: Will scan jar D:\SENG 533\TeaStore-SENG-533-Final-Project\apache-jmeter-5.6.3\lib\ext\jmeter-plugins-tst-2.6.jar with filter ExtendsClassFilter [parents=[interface org.apache.jmeter.gui.action.Command], inner=false, contains=null, notContains=null]. Consider exposing JMeter plugins via META-INF/services, and add JMeter-Skip-Class-Scanning=true manifest attribute so JMeter can skip classfile scanning
2025-04-21 15:49:11,817 INFO o.a.j.r.ClassFinder: Will scan jar D:\SENG 533\TeaStore-SENG-533-Final-Project\apache-jmeter-5.6.3\lib\ext\jmeter-plugins-manager-1.10.jar with filter ExtendsClassFilter [parents=[interface org.apache.jmeter.gui.plugin.MenuCreator], inner=false, contains=null, notContains=null]. Consider exposing JMeter plugins via META-INF/services, and add JMeter-Skip-Class-Scanning=true manifest attribute so JMeter can skip classfile scanning
2025-04-21 15:49:11,819 INFO o.a.j.r.ClassFinder: Will scan jar D:\SENG 533\TeaStore-SENG-533-Final-Project\apache-jmeter-5.6.3\lib\ext\json-lib-2.4-jdk15.jar with filter ExtendsClassFilter [parents=[interface org.apache.jmeter.gui.plugin.MenuCreator], inner=false, contains=null, notContains=null]. Consider exposing JMeter plugins via META-INF/services, and add JMeter-Skip-Class-Scanning=true manifest attribute so JMeter can skip classfile scanning
2025-04-21 15:49:11,820 INFO o.a.j.r.ClassFinder: Will scan jar D:\SENG 533\TeaStore-SENG-533-Final-Project\apache-jmeter-5.6.3\lib\ext\jmeter-plugins-cmn-jmeter-0.7.jar with filter ExtendsClassFilter [parents=[interface org.apache.jmeter.gui.plugin.MenuCreator], inner=false, contains=null, notContains=null]. Consider exposing JMeter plugins via META-INF/services, and add JMeter-Skip-Class-Scanning=true manifest attribute so JMeter can skip classfile scanning
2025-04-21 15:49:11,822 INFO o.a.j.r.ClassFinder: Will scan jar D:\SENG 533\TeaStore-SENG-533-Final-Project\apache-jmeter-5.6.3\lib\ext\cmdrunner-2.3.jar with filter ExtendsClassFilter [parents=[interface org.apache.jmeter.gui.plugin.MenuCreator], inner=false, contains=null, notContains=null]. Consider exposing JMeter plugins via META-INF/services, and add JMeter-Skip-Class-Scanning=true manifest attribute so JMeter can skip classfile scanning
2025-04-21 15:49:11,822 INFO o.a.j.r.ClassFinder: Will scan jar D:\SENG 533\TeaStore-SENG-533-Final-Project\apache-jmeter-5.6.3\lib\ext\jmeter-plugins-casutg-3.0.jar with filter ExtendsClassFilter [parents=[interface org.apache.jmeter.gui.plugin.MenuCreator], inner=false, contains=null, notContains=null]. Consider exposing JMeter plugins via META-INF/services, and add JMeter-Skip-Class-Scanning=true manifest attribute so JMeter can skip classfile scanning
2025-04-21 15:49:11,824 INFO o.a.j.r.ClassFinder: Will scan jar D:\SENG 533\TeaStore-SENG-533-Final-Project\apache-jmeter-5.6.3\lib\ext\jmeter-plugins-tst-2.6.jar with filter ExtendsClassFilter [parents=[interface org.apache.jmeter.gui.plugin.MenuCreator], inner=false, contains=null, notContains=null]. Consider exposing JMeter plugins via META-INF/services, and add JMeter-Skip-Class-Scanning=true manifest attribute so JMeter can skip classfile scanning
2025-04-21 15:49:12,258 INFO o.j.r.JARSourceHTTP: Found cached repo
2025-04-21 15:49:12,412 INFO o.j.r.PluginManager: Plugins Status: [jpgc-casutg=3.0, jpgc-plugins-manager=1.10, jpgc-tst=2.6, jmeter-core=5.6.3, jmeter-ftp=5.6.3, jmeter-http=5.6.3, jmeter-jdbc=5.6.3, jmeter-jms=5.6.3, jmeter-junit=5.6.3, jmeter-java=5.6.3, jmeter-ldap=5.6.3, jmeter-mail=5.6.3, jmeter-mongodb=5.6.3, jmeter-native=5.6.3, jmeter-tcp=5.6.3, jmeter-components=5.6.3]
2025-04-21 15:49:13,214 INFO o.a.j.JMeterGuiLauncher: Loading file: D:\SENG 533\TeaStore-SENG-533-Final-Project\examples\jmeter\teastore_browse_rps.jmx
2025-04-21 15:49:13,216 INFO o.a.j.s.FileServer: Default base='D:\SENG 533\TeaStore-SENG-533-Final-Project\apache-jmeter-5.6.3\bin'
2025-04-21 15:49:13,217 INFO o.a.j.s.FileServer: Set new base='D:\SENG 533\TeaStore-SENG-533-Final-Project\examples\jmeter'
2025-04-21 15:49:13,406 INFO o.a.j.s.SaveService: Testplan (JMX) version: 2.2. Testlog (JTL) version: 2.2
2025-04-21 15:49:13,420 INFO o.a.j.s.SaveService: Using SaveService properties version 5.0
2025-04-21 15:49:13,423 INFO o.a.j.s.SaveService: Using SaveService properties file encoding UTF-8
2025-04-21 15:49:13,425 INFO o.a.j.s.SaveService: Loading file: D:\SENG 533\TeaStore-SENG-533-Final-Project\examples\jmeter\teastore_browse_rps.jmx
2025-04-21 15:49:13,544 INFO o.a.j.p.h.c.CookieManager: Settings: Delete null: true Check: true Allow variable: true Save: false Prefix: COOKIE_
2025-04-21 15:49:13,571 INFO o.a.j.p.h.s.HTTPSamplerBase: Parser for text/html is org.apache.jmeter.protocol.http.parser.LagartoBasedHtmlParser
2025-04-21 15:49:13,572 INFO o.a.j.p.h.s.HTTPSamplerBase: Parser for application/xhtml+xml is org.apache.jmeter.protocol.http.parser.LagartoBasedHtmlParser
2025-04-21 15:49:13,572 INFO o.a.j.p.h.s.HTTPSamplerBase: Parser for application/xml is org.apache.jmeter.protocol.http.parser.LagartoBasedHtmlParser
2025-04-21 15:49:13,572 INFO o.a.j.p.h.s.HTTPSamplerBase: Parser for text/xml is org.apache.jmeter.protocol.http.parser.LagartoBasedHtmlParser
2025-04-21 15:49:13,572 INFO o.a.j.p.h.s.HTTPSamplerBase: Parser for text/vnd.wap.wml is org.apache.jmeter.protocol.http.parser.RegexpHTMLParser
2025-04-21 15:49:13,572 INFO o.a.j.p.h.s.HTTPSamplerBase: Parser for text/css is org.apache.jmeter.protocol.http.parser.CssParser
2025-04-21 15:49:13,659 INFO o.a.j.s.FileServer: Set new base='D:\SENG 533\TeaStore-SENG-533-Final-Project\examples\jmeter'
2025-04-21 15:49:13,689 INFO o.a.j.e.u.CompoundVariable: Note: Function class names must contain the string: '.functions.'
2025-04-21 15:49:13,689 INFO o.a.j.e.u.CompoundVariable: Note: Function class names must not contain the string: '.gui.'
2025-04-21 15:49:13,923 INFO o.a.j.r.ClassFinder: Will scan jar D:\SENG 533\TeaStore-SENG-533-Final-Project\apache-jmeter-5.6.3\lib\ext\jmeter-plugins-manager-1.10.jar with filter ExtendsClassFilter [parents=[interface org.apache.jmeter.functions.Function], inner=false, contains=null, notContains=null]. Consider exposing JMeter plugins via META-INF/services, and add JMeter-Skip-Class-Scanning=true manifest attribute so JMeter can skip classfile scanning
2025-04-21 15:49:13,924 INFO o.a.j.r.ClassFinder: Will scan jar D:\SENG 533\TeaStore-SENG-533-Final-Project\apache-jmeter-5.6.3\lib\ext\json-lib-2.4-jdk15.jar with filter ExtendsClassFilter [parents=[interface org.apache.jmeter.functions.Function], inner=false, contains=null, notContains=null]. Consider exposing JMeter plugins via META-INF/services, and add JMeter-Skip-Class-Scanning=true manifest attribute so JMeter can skip classfile scanning
2025-04-21 15:49:13,925 INFO o.a.j.r.ClassFinder: Will scan jar D:\SENG 533\TeaStore-SENG-533-Final-Project\apache-jmeter-5.6.3\lib\ext\jmeter-plugins-cmn-jmeter-0.7.jar with filter ExtendsClassFilter [parents=[interface org.apache.jmeter.functions.Function], inner=false, contains=null, notContains=null]. Consider exposing JMeter plugins via META-INF/services, and add JMeter-Skip-Class-Scanning=true manifest attribute so JMeter can skip classfile scanning
2025-04-21 15:49:13,925 INFO o.a.j.r.ClassFinder: Will scan jar D:\SENG 533\TeaStore-SENG-533-Final-Project\apache-jmeter-5.6.3\lib\ext\cmdrunner-2.3.jar with filter ExtendsClassFilter [parents=[interface org.apache.jmeter.functions.Function], inner=false, contains=null, notContains=null]. Consider exposing JMeter plugins via META-INF/services, and add JMeter-Skip-Class-Scanning=true manifest attribute so JMeter can skip classfile scanning
2025-04-21 15:49:13,926 INFO o.a.j.r.ClassFinder: Will scan jar D:\SENG 533\TeaStore-SENG-533-Final-Project\apache-jmeter-5.6.3\lib\ext\jmeter-plugins-casutg-3.0.jar with filter ExtendsClassFilter [parents=[interface org.apache.jmeter.functions.Function], inner=false, contains=null, notContains=null]. Consider exposing JMeter plugins via META-INF/services, and add JMeter-Skip-Class-Scanning=true manifest attribute so JMeter can skip classfile scanning
2025-04-21 15:49:13,926 INFO o.a.j.r.ClassFinder: Will scan jar D:\SENG 533\TeaStore-SENG-533-Final-Project\apache-jmeter-5.6.3\lib\ext\jmeter-plugins-tst-2.6.jar with filter ExtendsClassFilter [parents=[interface org.apache.jmeter.functions.Function], inner=false, contains=null, notContains=null]. Consider exposing JMeter plugins via META-INF/services, and add JMeter-Skip-Class-Scanning=true manifest attribute so JMeter can skip classfile scanning
2025-04-21 15:49:14,015 INFO o.a.j.s.SampleResult: Note: Sample TimeStamps are START times
2025-04-21 15:49:14,015 INFO o.a.j.s.SampleResult: sampleresult.default.encoding is set to UTF-8
2025-04-21 15:49:14,015 INFO o.a.j.s.SampleResult: sampleresult.useNanoTime=true
2025-04-21 15:49:14,015 INFO o.a.j.s.SampleResult: sampleresult.nanoThreadSleep=5000
2025-04-21 15:49:14,110 INFO o.a.j.r.ClassFinder: Will scan jar D:\SENG 533\TeaStore-SENG-533-Final-Project\apache-jmeter-5.6.3\lib\ext\jmeter-plugins-manager-1.10.jar with filter ExtendsClassFilter [parents=[interface org.apache.jmeter.visualizers.ResultRenderer], inner=false, contains=null, notContains=null]. Consider exposing JMeter plugins via META-INF/services, and add JMeter-Skip-Class-Scanning=true manifest attribute so JMeter can skip classfile scanning
2025-04-21 15:49:14,111 INFO o.a.j.r.ClassFinder: Will scan jar D:\SENG 533\TeaStore-SENG-533-Final-Project\apache-jmeter-5.6.3\lib\ext\json-lib-2.4-jdk15.jar with filter ExtendsClassFilter [parents=[interface org.apache.jmeter.visualizers.ResultRenderer], inner=false, contains=null, notContains=null]. Consider exposing JMeter plugins via META-INF/services, and add JMeter-Skip-Class-Scanning=true manifest attribute so JMeter can skip classfile scanning
2025-04-21 15:49:14,112 INFO o.a.j.r.ClassFinder: Will scan jar D:\SENG 533\TeaStore-SENG-533-Final-Project\apache-jmeter-5.6.3\lib\ext\jmeter-plugins-cmn-jmeter-0.7.jar with filter ExtendsClassFilter [parents=[interface org.apache.jmeter.visualizers.ResultRenderer], inner=false, contains=null, notContains=null]. Consider exposing JMeter plugins via META-INF/services, and add JMeter-Skip-Class-Scanning=true manifest attribute so JMeter can skip classfile scanning
2025-04-21 15:49:14,112 INFO o.a.j.r.ClassFinder: Will scan jar D:\SENG 533\TeaStore-SENG-533-Final-Project\apache-jmeter-5.6.3\lib\ext\cmdrunner-2.3.jar with filter ExtendsClassFilter [parents=[interface org.apache.jmeter.visualizers.ResultRenderer], inner=false, contains=null, notContains=null]. Consider exposing JMeter plugins via META-INF/services, and add JMeter-Skip-Class-Scanning=true manifest attribute so JMeter can skip classfile scanning
2025-04-21 15:49:14,113 INFO o.a.j.r.ClassFinder: Will scan jar D:\SENG 533\TeaStore-SENG-533-Final-Project\apache-jmeter-5.6.3\lib\ext\jmeter-plugins-casutg-3.0.jar with filter ExtendsClassFilter [parents=[interface org.apache.jmeter.visualizers.ResultRenderer], inner=false, contains=null, notContains=null]. Consider exposing JMeter plugins via META-INF/services, and add JMeter-Skip-Class-Scanning=true manifest attribute so JMeter can skip classfile scanning
2025-04-21 15:49:14,113 INFO o.a.j.r.ClassFinder: Will scan jar D:\SENG 533\TeaStore-SENG-533-Final-Project\apache-jmeter-5.6.3\lib\ext\jmeter-plugins-tst-2.6.jar with filter ExtendsClassFilter [parents=[interface org.apache.jmeter.visualizers.ResultRenderer], inner=false, contains=null, notContains=null]. Consider exposing JMeter plugins via META-INF/services, and add JMeter-Skip-Class-Scanning=true manifest attribute so JMeter can skip classfile scanning
2025-04-21 15:49:14,143 INFO o.a.j.r.ClassFinder: Will scan jar D:\SENG 533\TeaStore-SENG-533-Final-Project\apache-jmeter-5.6.3\lib\ext\jmeter-plugins-manager-1.10.jar with filter ExtendsClassFilter [parents=[interface org.apache.jmeter.visualizers.RequestView], inner=false, contains=null, notContains=null]. Consider exposing JMeter plugins via META-INF/services, and add JMeter-Skip-Class-Scanning=true manifest attribute so JMeter can skip classfile scanning
2025-04-21 15:49:14,145 INFO o.a.j.r.ClassFinder: Will scan jar D:\SENG 533\TeaStore-SENG-533-Final-Project\apache-jmeter-5.6.3\lib\ext\json-lib-2.4-jdk15.jar with filter ExtendsClassFilter [parents=[interface org.apache.jmeter.visualizers.RequestView], inner=false, contains=null, notContains=null]. Consider exposing JMeter plugins via META-INF/services, and add JMeter-Skip-Class-Scanning=true manifest attribute so JMeter can skip classfile scanning
2025-04-21 15:49:14,145 INFO o.a.j.r.ClassFinder: Will scan jar D:\SENG 533\TeaStore-SENG-533-Final-Project\apache-jmeter-5.6.3\lib\ext\jmeter-plugins-cmn-jmeter-0.7.jar with filter ExtendsClassFilter [parents=[interface org.apache.jmeter.visualizers.RequestView], inner=false, contains=null, notContains=null]. Consider exposing JMeter plugins via META-INF/services, and add JMeter-Skip-Class-Scanning=true manifest attribute so JMeter can skip classfile scanning
2025-04-21 15:49:14,146 INFO o.a.j.r.ClassFinder: Will scan jar D:\SENG 533\TeaStore-SENG-533-Final-Project\apache-jmeter-5.6.3\lib\ext\cmdrunner-2.3.jar with filter ExtendsClassFilter [parents=[interface org.apache.jmeter.visualizers.RequestView], inner=false, contains=null, notContains=null]. Consider exposing JMeter plugins via META-INF/services, and add JMeter-Skip-Class-Scanning=true manifest attribute so JMeter can skip classfile scanning
2025-04-21 15:49:14,147 INFO o.a.j.r.ClassFinder: Will scan jar D:\SENG 533\TeaStore-SENG-533-Final-Project\apache-jmeter-5.6.3\lib\ext\jmeter-plugins-casutg-3.0.jar with filter ExtendsClassFilter [parents=[interface org.apache.jmeter.visualizers.RequestView], inner=false, contains=null, notContains=null]. Consider exposing JMeter plugins via META-INF/services, and add JMeter-Skip-Class-Scanning=true manifest attribute so JMeter can skip classfile scanning
2025-04-21 15:49:14,148 INFO o.a.j.r.ClassFinder: Will scan jar D:\SENG 533\TeaStore-SENG-533-Final-Project\apache-jmeter-5.6.3\lib\ext\jmeter-plugins-tst-2.6.jar with filter ExtendsClassFilter [parents=[interface org.apache.jmeter.visualizers.RequestView], inner=false, contains=null, notContains=null]. Consider exposing JMeter plugins via META-INF/services, and add JMeter-Skip-Class-Scanning=true manifest attribute so JMeter can skip classfile scanning
